
Copyright (C) 1994-2023 Synopsys, Inc.
This Synopsys software and all associated documentation are proprietary to Synopsys, Inc.
and may only be used pursuant to the terms and conditions of a written license agreement
with Synopsys, Inc. All other use, reproduction, modification, or distribution of the
Synopsys software or the associated documentation is strictly prohibited.
Tool: Synplify Pro (R)
Build: U-2023.03LR-1
Install: C:\lscc\radiant\2023.1\synpbase
OS: Windows 10 or later
Hostname: DESKTOP-TOAOPO9

Implementation : impl_1

# Written on Mon Oct  2 07:15:28 2023

##### FILES SYNTAX CHECKED ##############################################
Constraint File(s):      "C:\Users\timot\Documents\Programming\fpga-accelerator\Software\Lattice_Project_1\impl_1\Lattice_Project_1_impl_1_cpe.ldc"

#Run constraint checker to find more issues with constraints.
#########################################################################



No issues found in constraint syntax.



Clock Summary
*************

          Start                                                       Requested     Requested     Clock        Clock                     Clock
Level     Clock                                                       Frequency     Period        Type         Group                     Load 
----------------------------------------------------------------------------------------------------------------------------------------------
0 -       System                                                      200.0 MHz     5.000         system       system_clkgroup           0    
                                                                                                                                              
0 -       main|I2C_DPHY_1_clk_i_inferred_clock                        200.0 MHz     5.000         inferred     Inferred_clkgroup_0_3     292  
                                                                                                                                              
0 -       main|I2C_DPHY_2_clk_i_inferred_clock                        200.0 MHz     5.000         inferred     Inferred_clkgroup_0_2     292  
                                                                                                                                              
0 -       main|DDR_MEM_1_sync_clk_i_inferred_clock                    200.0 MHz     5.000         inferred     Inferred_clkgroup_0_4     17   
                                                                                                                                              
0 -       DDR_MEM_1_ipgen_common_logic_2s_2|sclk_o_inferred_clock     200.0 MHz     5.000         inferred     Inferred_clkgroup_0_1     8    
==============================================================================================================================================


Clock Load Summary
******************

                                                            Clock     Source                                                                          Clock Pin                                                                  Non-clock Pin     Non-clock Pin
Clock                                                       Load      Pin                                                                             Seq Example                                                                Seq Example       Comb Example 
----------------------------------------------------------------------------------------------------------------------------------------------------------------------------------------------------------------------------------------------------------------
System                                                      0         -                                                                               -                                                                          -                 -            
                                                                                                                                                                                                                                                                
main|I2C_DPHY_1_clk_i_inferred_clock                        292       I2C_DPHY_1_clk_i.OUT[0](tri)                                                    -                                                                          -                 -            
                                                                                                                                                                                                                                                                
main|I2C_DPHY_2_clk_i_inferred_clock                        292       I2C_DPHY_2_clk_i.OUT[0](tri)                                                    -                                                                          -                 -            
                                                                                                                                                                                                                                                                
main|DDR_MEM_1_sync_clk_i_inferred_clock                    17        DDR_MEM_1_sync_clk_i.OUT[0](tri)                                                DDR_MEM_1_inst.lscc_ddr_mem_inst.u1_common_logic.u1_mem_sync.lock_d2.C     -                 -            
                                                                                                                                                                                                                                                                
DDR_MEM_1_ipgen_common_logic_2s_2|sclk_o_inferred_clock     8         DDR_MEM_1_inst.lscc_ddr_mem_inst.u1_common_logic.u0_ECLKDIV.DIVOUT(ECLKDIV)     DDR_MEM_1_inst.lscc_ddr_mem_inst.loadn_cntr_r[3:0].C                       -                 -            
================================================================================================================================================================================================================================================================
