{
"Synplify Pro (R) Job Log" : {
	"Date" : "17:37:21    02-Oct-2023",
	"Working Directory" : "C:/Users/timot/Documents/Programming/fpga-accelerator/Software/Lattice_Project_1/impl_1",
	"Install" : "C:/lscc/radiant/2023.1/synpbase"
},
"impl_1" :{
   "Start Time" : "17:34:40",
   "Runtime" : "02m:41s",
   "Executable Run Time" : "02m:38s",
   "synthesis" : {
      "Start Time" : "17:34:40",
      "Runtime" : "02m:41s",
      "Executable Run Time" : "02m:38s",
      "compile" : {
         "Start Time" : "17:34:40",
         "Runtime" : "01m:47s",
         "Executable Run Time" : "01m:45s",
         "compile_flow" : {
            "Start Time" : "17:34:40",
            "Runtime" : "01m:33s",
            "Executable Run Time" : "01m:31s",
            "compiler" : {
               "executable" : "bin64/c_hdl.exe",
               "Run Directory" : "C:/Users/timot/Documents/Programming/fpga-accelerator/Software/Lattice_Project_1/impl_1",
               "Run State" : "Complete",
               "Return Code" : "0",
               "Has Errors" : "no",
               "Run Start Time" : "17:34:40",
               "Run Time" : "01m:28s",
               "Exe Run Time" : "01m:26s",
               "Memory Usage" : "-",
               "Up-to-date (run skipped)" : "no"
            },
            "multi_srs_gen" : {
               "executable" : "bin64/syn_nfilter.exe",
               "Run Directory" : "C:/Users/timot/Documents/Programming/fpga-accelerator/Software/Lattice_Project_1/impl_1",
               "Run State" : "Complete",
               "Return Code" : "0",
               "Has Errors" : "no",
               "Run Start Time" : "17:36:08",
               "Run Time" : "05s",
               "Exe Run Time" : "05s",
               "Memory Usage" : "-",
               "Up-to-date (run skipped)" : "no"
            }
         },
         "premap" : {
            "executable" : "bin64/m_gen_lattice.exe",
            "Run Directory" : "C:/Users/timot/Documents/Programming/fpga-accelerator/Software/Lattice_Project_1/impl_1",
            "Run State" : "Complete",
            "Return Code" : "1",
            "Has Errors" : "no",
            "Run Start Time" : "17:36:13",
            "Run Time" : "14s",
            "Exe Run Time" : "14s",
            "Memory Usage" : "-",
            "Up-to-date (run skipped)" : "no"
         }
      },
      "map" : {
         "Start Time" : "17:36:28",
         "Runtime" : "53s",
         "Executable Run Time" : "53s",
         "fpga_mapper" : {
            "executable" : "bin64/m_gen_lattice.exe",
            "Run Directory" : "C:/Users/timot/Documents/Programming/fpga-accelerator/Software/Lattice_Project_1/impl_1",
            "Run State" : "Complete",
            "Return Code" : "1",
            "Has Errors" : "no",
            "Run Start Time" : "17:36:28",
            "Run Time" : "53s",
            "Exe Run Time" : "53s",
            "Memory Usage" : "-",
            "Up-to-date (run skipped)" : "no"
         }
      }
   }
}
}