/home/timothyjabez/lscc/radiant/2023.1/synpbase/bin/c_hdl  -osyn  /home/timothyjabez/Documents/fpga-accelerator/Software/Lattice_Project_1/impl_1/synwork/Lattice_Project_1_impl_1_comp.srs  -top  main  -hdllog  /home/timothyjabez/Documents/fpga-accelerator/Software/Lattice_Project_1/impl_1/synlog/Lattice_Project_1_impl_1_compiler.srr  -encrypt  -mp  4  -verification_mode 0  -vhdl  -prodtype  synplify_pro  -dspmac -fixsmult -infer_seqShift -nram -sdff_counter -divnmod -nostructver  -lattice  -encrypt  -pro  -dmgen  /home/timothyjabez/Documents/fpga-accelerator/Software/Lattice_Project_1/impl_1/dm  -lite -ui -fid2 -ram -sharing on -ll 2000 -autosm  -work_is_curlib 0  -ignore_undefined_lib  -lib pmi /home/timothyjabez/lscc/radiant/2023.1/ip/pmi/pmi_lifcl.vhd  -verilog  -prodtype  synplify_pro  -dspmac -fixsmult -infer_seqShift -nram -sdff_counter -divnmod -nostructver  -lattice   -I /home/timothyjabez/Documents/fpga-accelerator/Software/Lattice_Project_1  -I /home/timothyjabez/Documents/fpga-accelerator/Software/Lattice_Project_1/IP/DDR_MEM_1/DDR_MEM_1  -I /home/timothyjabez/Documents/fpga-accelerator/Software/Lattice_Project_1/IP/I2C_DPHY_1/I2C_DPHY_1  -I /home/timothyjabez/Documents/fpga-accelerator/Software/Lattice_Project_1/IP/I2C_DPHY_2/I2C_DPHY_2  -I /home/timothyjabez/Documents/fpga-accelerator/Software/Lattice_Project_1/IP/MIPI_DPHY_1  -I /home/timothyjabez/Documents/fpga-accelerator/Software/Lattice_Project_1/IP/MIPI_DPHY_2  -I /home/timothyjabez/Documents/fpga-accelerator/Software/Lattice_Project_1/IP/PLL_1/PLL_1  -I /home/timothyjabez/Documents/fpga-accelerator/Software/Lattice_Project_1/impl_1/  -I /home/timothyjabez/lscc/radiant/2023.1/synpbase/lib   -v2001  -devicelib  /home/timothyjabez/lscc/radiant/2023.1/synpbase/lib/lucent/lifcl.v  -devicelib  /home/timothyjabez/lscc/radiant/2023.1/synpbase/lib/lucent/pmi_def.v  -encrypt  -pro  -dmgen  /home/timothyjabez/Documents/fpga-accelerator/Software/Lattice_Project_1/impl_1/dm  -ui -fid2 -ram -sharing on -ll 2000 -autosm  -D_MULTIPLE_FILE_COMPILATION_UNIT_  -lib work /home/timothyjabez/lscc/radiant/2023.1/ip/pmi/pmi_lifcl.v -lib work -fv2001 /home/timothyjabez/Documents/fpga-accelerator/Software/Lattice_Project_1/IP/MIPI_DPHY_1/rtl/MIPI_DPHY_1.v -lib work -fv2001 /home/timothyjabez/Documents/fpga-accelerator/Software/Lattice_Project_1/IP/DDR_MEM_1/DDR_MEM_1/rtl/DDR_MEM_1.v -lib work -fv2001 /home/timothyjabez/Documents/fpga-accelerator/Software/Lattice_Project_1/IP/MIPI_DPHY_2/rtl/MIPI_DPHY_2.v -lib work -fv2001 /home/timothyjabez/Documents/fpga-accelerator/Software/Lattice_Project_1/source/impl_1/main.v -lib work -fv2001 /home/timothyjabez/Documents/fpga-accelerator/Software/Lattice_Project_1/IP/I2C_DPHY_1/I2C_DPHY_1/rtl/I2C_DPHY_1.v -lib work -fv2001 /home/timothyjabez/Documents/fpga-accelerator/Software/Lattice_Project_1/IP/I2C_DPHY_2/I2C_DPHY_2/rtl/I2C_DPHY_2.v -lib work -fv2001 /home/timothyjabez/Documents/fpga-accelerator/Software/Lattice_Project_1/IP/PLL_1/PLL_1/rtl/PLL_1.v  -jobname  "compiler" 
relcom:../../../../../../lscc/radiant/2023.1/synpbase/bin/c_hdl -osyn ../synwork/Lattice_Project_1_impl_1_comp.srs -top main -hdllog ../synlog/Lattice_Project_1_impl_1_compiler.srr -encrypt -mp 4 -verification_mode 0 -vhdl -prodtype synplify_pro -dspmac -fixsmult -infer_seqShift -nram -sdff_counter -divnmod -nostructver -lattice -encrypt -pro -dmgen ../dm -lite -ui -fid2 -ram -sharing on -ll 2000 -autosm -work_is_curlib 0 -ignore_undefined_lib -lib pmi ../../../../../../lscc/radiant/2023.1/ip/pmi/pmi_lifcl.vhd -verilog -prodtype synplify_pro -dspmac -fixsmult -infer_seqShift -nram -sdff_counter -divnmod -nostructver -lattice -I ../../../Lattice_Project_1 -I ../../IP/DDR_MEM_1/DDR_MEM_1 -I ../../IP/I2C_DPHY_1/I2C_DPHY_1 -I ../../IP/I2C_DPHY_2/I2C_DPHY_2 -I ../../IP/MIPI_DPHY_1 -I ../../IP/MIPI_DPHY_2 -I ../../IP/PLL_1/PLL_1 -I ../ -I ../../../../../../lscc/radiant/2023.1/synpbase/lib -v2001 -devicelib ../../../../../../lscc/radiant/2023.1/synpbase/lib/lucent/lifcl.v -devicelib ../../../../../../lscc/radiant/2023.1/synpbase/lib/lucent/pmi_def.v -encrypt -pro -dmgen ../dm -ui -fid2 -ram -sharing on -ll 2000 -autosm -D_MULTIPLE_FILE_COMPILATION_UNIT_ -lib work ../../../../../../lscc/radiant/2023.1/ip/pmi/pmi_lifcl.v -lib work -fv2001 ../../IP/MIPI_DPHY_1/rtl/MIPI_DPHY_1.v -lib work -fv2001 ../../IP/DDR_MEM_1/DDR_MEM_1/rtl/DDR_MEM_1.v -lib work -fv2001 ../../IP/MIPI_DPHY_2/rtl/MIPI_DPHY_2.v -lib work -fv2001 ../../source/impl_1/main.v -lib work -fv2001 ../../IP/I2C_DPHY_1/I2C_DPHY_1/rtl/I2C_DPHY_1.v -lib work -fv2001 ../../IP/I2C_DPHY_2/I2C_DPHY_2/rtl/I2C_DPHY_2.v -lib work -fv2001 ../../IP/PLL_1/PLL_1/rtl/PLL_1.v -jobname "compiler"
rc:0 success:1 runtime:4
file:../synwork/Lattice_Project_1_impl_1_comp.srs|io:o|time:1696554373|size:746918|exec:0|csum:
file:../synlog/Lattice_Project_1_impl_1_compiler.srr|io:o|time:1696554373|size:208685|exec:0|csum:
file:../../../../../../lscc/radiant/2023.1/ip/pmi/pmi_lifcl.vhd|io:i|time:1648515288|size:22204|exec:0|csum:832532867D744757DCEF5D8E10432414
file:../../../../../../lscc/radiant/2023.1/synpbase/lib/lucent/lifcl.v|io:i|time:1686768495|size:1234342|exec:0|csum:C15E719ACBAA5F83EC7C17236C261D98
file:../../../../../../lscc/radiant/2023.1/synpbase/lib/lucent/pmi_def.v|io:i|time:1685539323|size:39414|exec:0|csum:530CC5906D70AB3C6A4AA0861AC94BDF
file:../../../../../../lscc/radiant/2023.1/ip/pmi/pmi_lifcl.v|io:i|time:1589135485|size:564|exec:0|csum:AE8E17412737F4886D7C75CC4044E0BB
file:./-fv2001|io:i|time:0|size:-1|exec:0|csum:
file:../../IP/MIPI_DPHY_1/rtl/MIPI_DPHY_1.v|io:i|time:1696270324|size:304765|exec:0|csum:A140D5E33405E9DAACF4034593D5AFB6
file:./-fv2001|io:i|time:0|size:-1|exec:0|csum:
file:../../IP/DDR_MEM_1/DDR_MEM_1/rtl/DDR_MEM_1.v|io:i|time:1696554324|size:290303|exec:0|csum:A9AFDD90C252732926739EE6C6C3BFEC
file:./-fv2001|io:i|time:0|size:-1|exec:0|csum:
file:../../IP/MIPI_DPHY_2/rtl/MIPI_DPHY_2.v|io:i|time:1696270324|size:305365|exec:0|csum:B757D399EDF590E10FC23F417CE31BFC
file:./-fv2001|io:i|time:0|size:-1|exec:0|csum:
file:../../source/impl_1/main.v|io:i|time:1696554362|size:12009|exec:0|csum:8E57BDD351A7C6FB36603F1D2A00DA22
file:./-fv2001|io:i|time:0|size:-1|exec:0|csum:
file:../../IP/I2C_DPHY_1/I2C_DPHY_1/rtl/I2C_DPHY_1.v|io:i|time:1696270324|size:262491|exec:0|csum:54EF64C161EEDB70EEBB74DB340967B9
file:./-fv2001|io:i|time:0|size:-1|exec:0|csum:
file:../../IP/I2C_DPHY_2/I2C_DPHY_2/rtl/I2C_DPHY_2.v|io:i|time:1696270324|size:262491|exec:0|csum:AD4C004B42113B035919B2FFFCB5B8F9
file:./-fv2001|io:i|time:0|size:-1|exec:0|csum:
file:../../IP/PLL_1/PLL_1/rtl/PLL_1.v|io:i|time:1696270324|size:86963|exec:0|csum:F81AC52F5C3683E68BF1693419F86F36
file:../../../../../../lscc/radiant/2023.1/synpbase/linux_a_64/c_hdl|io:i|time:1685539348|size:10820456|exec:1|csum:73435BE1B76C26F723F6F73035A15CE5
file:../../../../../../lscc/radiant/2023.1/synpbase/bin/c_hdl|io:i|time:1685539309|size:367|exec:1|csum:E52A0D56112AD6C22F02B648B6F508CE
