Importer Log Report
Document: C:\Users\timot\Documents\Programming\SpaceSoc\Flight-Computer\Hardware\circuit board design v2.1\circuit board design v2.1.kicad_sch
    Section : Loading Schematic - C:\Users\timot\Documents\Programming\SpaceSoc\Flight-Computer\Hardware\circuit board design v2.1\circuit board design v2.1.kicad_sch
        Warning: Unknown child fields_autoplaced of sheet.
        Warning: Unknown child uuid of pin.
        Warning: Unknown child uuid of pin.
        Warning: Unknown child uuid of pin.
        Warning: Unknown child uuid of pin.
        Warning: Unknown child uuid of pin.
        Warning: Unknown child fields_autoplaced of sheet.
        Warning: Unknown child uuid of pin.
        Warning: Unknown child uuid of pin.
        Warning: Unknown child uuid of pin.
        Warning: Unknown child fields_autoplaced of sheet.
        Warning: Unknown child uuid of pin.
        Warning: Unknown child uuid of pin.
        Warning: Unknown child uuid of pin.
        Warning: Unknown child fields_autoplaced of sheet.
        Warning: Unknown child uuid of pin.
        Warning: Unknown child uuid of pin.
        Warning: Unknown child uuid of pin.
        Warning: Unknown child uuid of pin.
        Warning: Unknown child uuid of pin.
        Warning: Unknown child uuid of pin.
        Warning: Unknown child uuid of pin.
        Warning: Unknown child uuid of pin.
        Warning: Unknown child uuid of pin.
        Warning: Unknown child uuid of pin.
        Warning: Unknown child uuid of pin.
    EndSection
    Section : Loading Schematic - C:\Users\timot\Documents\Programming\SpaceSoc\Flight-Computer\Hardware\circuit board design v2.1\sensors.kicad_sch
        Warning: Unknown child uuid of no_connect.
        Warning: Unknown child uuid of no_connect.
        Warning: Unknown child uuid of no_connect.
        Warning: Unknown child uuid of no_connect.
        Warning: Unknown child uuid of no_connect.
    EndSection
    Section : Loading Schematic - C:\Users\timot\Documents\Programming\SpaceSoc\Flight-Computer\Hardware\circuit board design v2.1\power_supply.kicad_sch
        Warning: Unknown child uuid of no_connect.
    EndSection
    Section : Loading Schematic - C:\Users\timot\Documents\Programming\SpaceSoc\Flight-Computer\Hardware\circuit board design v2.1\gps.kicad_sch
        Warning: Unknown child uuid of no_connect.
        Warning: Unknown child uuid of no_connect.
        Warning: Unknown child uuid of no_connect.
    EndSection
    Section : Loading Schematic - C:\Users\timot\Documents\Programming\SpaceSoc\Flight-Computer\Hardware\circuit board design v2.1\mcu_stm32.kicad_sch
        Warning: Unknown child uuid of no_connect.
        Warning: Unknown child uuid of no_connect.
        Warning: Unknown child uuid of no_connect.
        Warning: Unknown child uuid of no_connect.
        Warning: Unknown child uuid of no_connect.
        Warning: Unknown child uuid of no_connect.
        Warning: Unknown child uuid of no_connect.
        Warning: Unknown child uuid of no_connect.
        Warning: Unknown child uuid of no_connect.
        Warning: Unknown child uuid of no_connect.
        Warning: Unknown child uuid of no_connect.
        Warning: Unknown child uuid of no_connect.
        Warning: Unknown child uuid of no_connect.
        Warning: Unknown child uuid of no_connect.
        Warning: Unknown child uuid of no_connect.
        Warning: Unknown child uuid of no_connect.
        Warning: Unknown child uuid of no_connect.
        Warning: Unknown child uuid of no_connect.
        Warning: Unknown child uuid of no_connect.
    EndSection
    Section : Loading Schematic - C:\Users\timot\Documents\Programming\SpaceSoc\Flight-Computer\Hardware\circuit board design v2.1\circuit board design v2.1.kicad_sch
        Warning: Unknown child fields_autoplaced of sheet.
        Warning: Unknown child uuid of pin.
        Warning: Unknown child uuid of pin.
        Warning: Unknown child uuid of pin.
        Warning: Unknown child uuid of pin.
        Warning: Unknown child uuid of pin.
        Warning: Unknown child fields_autoplaced of sheet.
        Warning: Unknown child uuid of pin.
        Warning: Unknown child uuid of pin.
        Warning: Unknown child uuid of pin.
        Warning: Unknown child fields_autoplaced of sheet.
        Warning: Unknown child uuid of pin.
        Warning: Unknown child uuid of pin.
        Warning: Unknown child uuid of pin.
        Warning: Unknown child fields_autoplaced of sheet.
        Warning: Unknown child uuid of pin.
        Warning: Unknown child uuid of pin.
        Warning: Unknown child uuid of pin.
        Warning: Unknown child uuid of pin.
        Warning: Unknown child uuid of pin.
        Warning: Unknown child uuid of pin.
        Warning: Unknown child uuid of pin.
        Warning: Unknown child uuid of pin.
        Warning: Unknown child uuid of pin.
        Warning: Unknown child uuid of pin.
        Warning: Unknown child uuid of pin.
    EndSection
    Section : Loading Schematic - C:\Users\timot\Documents\Programming\SpaceSoc\Flight-Computer\Hardware\circuit board design v2.1\sensors.kicad_sch
        Warning: Unknown child uuid of no_connect.
        Warning: Unknown child uuid of no_connect.
        Warning: Unknown child uuid of no_connect.
        Warning: Unknown child uuid of no_connect.
        Warning: Unknown child uuid of no_connect.
    EndSection
    Section : Loading Schematic - C:\Users\timot\Documents\Programming\SpaceSoc\Flight-Computer\Hardware\circuit board design v2.1\power_supply.kicad_sch
        Warning: Unknown child uuid of no_connect.
    EndSection
    Section : Loading Schematic - C:\Users\timot\Documents\Programming\SpaceSoc\Flight-Computer\Hardware\circuit board design v2.1\gps.kicad_sch
        Warning: Unknown child uuid of no_connect.
        Warning: Unknown child uuid of no_connect.
        Warning: Unknown child uuid of no_connect.
    EndSection
    Section : Loading Schematic - C:\Users\timot\Documents\Programming\SpaceSoc\Flight-Computer\Hardware\circuit board design v2.1\mcu_stm32.kicad_sch
        Warning: Unknown child uuid of no_connect.
        Warning: Unknown child uuid of no_connect.
        Warning: Unknown child uuid of no_connect.
        Warning: Unknown child uuid of no_connect.
        Warning: Unknown child uuid of no_connect.
        Warning: Unknown child uuid of no_connect.
        Warning: Unknown child uuid of no_connect.
        Warning: Unknown child uuid of no_connect.
        Warning: Unknown child uuid of no_connect.
        Warning: Unknown child uuid of no_connect.
        Warning: Unknown child uuid of no_connect.
        Warning: Unknown child uuid of no_connect.
        Warning: Unknown child uuid of no_connect.
        Warning: Unknown child uuid of no_connect.
        Warning: Unknown child uuid of no_connect.
        Warning: Unknown child uuid of no_connect.
        Warning: Unknown child uuid of no_connect.
        Warning: Unknown child uuid of no_connect.
        Warning: Unknown child uuid of no_connect.
    EndSection
