Resource Usage Report
Part: lifcl_40-7

Register bits: 0 of 32256 (0%)
PIC Latch:       0
I/O cells:       49

Details:
BB:             23
DDRDLL:         1
DELAYB:         2
DPHY:           1
DPHY:           1
DQSBUF:         2
ECLKDIV:        1
ECLKSYNC:       1
GSR:            1
OB:             26
ODDRX1:         22
ODDRX2:         1
ODDRX2DQ:       18
ODDRX2DQS:      2
OSHX2:          1
PLL:            1
TSHX2DQ:        2
TSHX2DQS:       2
VHI:            23
VLO:            23

Resource Usage inside macros:
Registers: 0
LUTs: 0
EBRs: 0
LRAMs: 0
DSPs: 0
Distributed RAMs: 0
Carry Chains: 0
Blackboxes: 0

Mapping Summary:
Total number of registers: 0 + 0 = 0 of 32256 (0.00%)
Total number of LUTs: 0 + 0 = 0 
Total number of EBRs: 0 + 0 = 0 of 84 (0.00%)
Total number of LRAMs: 0 + 0 = 0 of 2 (0.00%)
Total number of DSPs: 0 + 0 = 0 of 56 (0.00%)
Total number of Distributed RAMs: 0 + 0 = 0 
Total number of Carry Chains: 0 + 0 = 0 
Total number of BlackBoxes: 105 + 0 = 105 
